IP Upgrade report for FB_SDF
Sat Sep 16 18:22:55 2023
Quartus Prime Version 22.1std.0 Build 915 10/25/2022 SC Standard Edition


---------------------
; Table of Contents ;
---------------------
  1. Legal Notice
  2. IP Upgrade Summary
  3. Successfully Upgraded IP Components
  4. IP Upgrade Messages



----------------
; Legal Notice ;
----------------
Copyright (C) 2022  Intel Corporation. All rights reserved.
Your use of Intel Corporation's design tools, logic functions 
and other software and tools, and any partner logic 
functions, and any output files from any of the foregoing 
(including device programming or simulation files), and any 
associated documentation or information are expressly subject 
to the terms and conditions of the Intel Program License 
Subscription Agreement, the Intel Quartus Prime License Agreement,
the Intel FPGA IP License Agreement, or other applicable license
agreement, including, without limitation, that your use is for
the sole purpose of programming logic devices manufactured by
Intel and sold by Intel or its authorized distributors.  Please
refer to the applicable agreement for further details, at
https://fpgasoftware.intel.com/eula.



+-----------------------------------------------------------------------------------+
; IP Upgrade Summary                                                                ;
+------------------------------+----------------------------------------------------+
; IP Components Upgrade Status ; Passed - Sat Sep 16 18:22:55 2023                  ;
; Quartus Prime Version        ; 22.1std.0 Build 915 10/25/2022 SC Standard Edition ;
; Revision Name                ; FB_SDF                                             ;
; Top-level Entity Name        ; FB_SDF                                             ;
; Family                       ; Cyclone V                                          ;
+------------------------------+----------------------------------------------------+


+---------------------------------------------------------------------------------------------------------------------+
; Successfully Upgraded IP Components                                                                                 ;
+----------------+----------------+---------+----------------------+----------------------+-----------------+---------+
; Entity Name    ; Component Name ; Version ; Original Source File ; Generation File Path ; New Source File ; Message ;
+----------------+----------------+---------+----------------------+----------------------+-----------------+---------+
; Multitokenqsys ; Qsys           ; N/A     ; Multitokenqsys.qsys  ; Multitokenqsys.qsys  ;                 ;         ;
+----------------+----------------+---------+----------------------+----------------------+-----------------+---------+


+---------------------+
; IP Upgrade Messages ;
+---------------------+
Info (11902): Backing up file "Multitokenqsys.qsys" to "Multitokenqsys.BAK.qsys"
Info (11837): Started upgrading IP component Qsys with file "Multitokenqsys.qsys"
Info: 2023.09.16.19:22:55 Info: Starting to upgrade the IP cores in the Platform Designer system
Info: 2023.09.16.19:22:55 Info: Finished upgrading the ip cores
Info (11131): Completed upgrading IP component Qsys with file "Multitokenqsys.qsys"
Info (23030): Evaluation of Tcl script /home/soleimanmanteghi/intelFPGA/22.1std/quartus/common/tcl/internal/ip_regen/ip_regen.tcl was successful
Info: Quartus Prime Shell was successful. 0 errors, 0 warnings
    Info: Peak virtual memory: 634 megabytes
    Info: Processing ended: Sat Sep 16 18:22:55 2023
    Info: Elapsed time: 00:00:07
    Info: Total CPU time (on all processors): 00:00:30


